# JRE version: Java(TM) SE Runtime Environment (8.0_77-b03) (build 1.8.0_77-b03)
# Java VM: Java HotSpot(TM) 64-Bit Server VM (25.77-b03 mixed mode linux-amd64 compressed oops)
Heap:
 PSYoungGen      total 205312K, used 12773K [0x00000000e1a00000, 0x00000000eef00000, 0x0000000100000000)
  eden space 192512K, 0% used [0x00000000e1a00000,0x00000000e1a00000,0x00000000ed600000)
  from space 12800K, 99% used [0x00000000ed600000,0x00000000ee2794c0,0x00000000ee280000)
  to   space 12288K, 0% used [0x00000000ee300000,0x00000000ee300000,0x00000000eef00000)
 ParOldGen       total 64000K, used 40644K [0x00000000a4e00000, 0x00000000a8c80000, 0x00000000e1a00000)
  object space 64000K, 63% used [0x00000000a4e00000,0x00000000a75b11f0,0x00000000a8c80000)
 Metaspace       used 27258K, capacity 27928K, committed 28288K, reserved 1075200K
  class space    used 3153K, capacity 3330K, committed 3456K, reserved 1048576K
GC Heap History (10 events):
Event: 2,963 GC heap after
Heap after GC invocations=3 (full 0):
 PSYoungGen      total 51712K, used 3568K [0x00000000e1a00000, 0x00000000e7f00000, 0x0000000100000000)
  eden space 48128K, 0% used [0x00000000e1a00000,0x00000000e1a00000,0x00000000e4900000)
  from space 3584K, 99% used [0x00000000e4900000,0x00000000e4c7c030,0x00000000e4c80000)
  to   space 3584K, 0% used [0x00000000e7b80000,0x00000000e7b80000,0x00000000e7f00000)
 ParOldGen       total 62976K, used 8433K [0x00000000a4e00000, 0x00000000a8b80000, 0x00000000e1a00000)
  object space 62976K, 13% used [0x00000000a4e00000,0x00000000a563c5b8,0x00000000a8b80000)
 Metaspace       used 14272K, capacity 14518K, committed 14720K, reserved 1062912K
  class space    used 1750K, capacity 1845K, committed 1920K, reserved 1048576K
}
Event: 4,577 GC heap before
{Heap before GC invocations=4 (full 0):
 PSYoungGen      total 51712K, used 51696K [0x00000000e1a00000, 0x00000000e7f00000, 0x0000000100000000)
  eden space 48128K, 100% used [0x00000000e1a00000,0x00000000e4900000,0x00000000e4900000)
  from space 3584K, 99% used [0x00000000e4900000,0x00000000e4c7c030,0x00000000e4c80000)
  to   space 3584K, 0% used [0x00000000e7b80000,0x00000000e7b80000,0x00000000e7f00000)
 ParOldGen       total 62976K, used 8433K [0x00000000a4e00000, 0x00000000a8b80000, 0x00000000e1a00000)
  object space 62976K, 13% used [0x00000000a4e00000,0x00000000a563c5b8,0x00000000a8b80000)
 Metaspace       used 14950K, capacity 15176K, committed 15232K, reserved 1062912K
  class space    used 1802K, capacity 1912K, committed 1920K, reserved 1048576K
Event: 4,605 GC heap after
Heap after GC invocations=4 (full 0):
 PSYoungGen      total 99840K, used 3552K [0x00000000e1a00000, 0x00000000e7f00000, 0x0000000100000000)
  eden space 96256K, 0% used [0x00000000e1a00000,0x00000000e1a00000,0x00000000e7800000)
  from space 3584K, 99% used [0x00000000e7b80000,0x00000000e7ef8040,0x00000000e7f00000)
  to   space 3584K, 0% used [0x00000000e7800000,0x00000000e7800000,0x00000000e7b80000)
 ParOldGen       total 62976K, used 13798K [0x00000000a4e00000, 0x00000000a8b80000, 0x00000000e1a00000)
  object space 62976K, 21% used [0x00000000a4e00000,0x00000000a5b79ba0,0x00000000a8b80000)
 Metaspace       used 14950K, capacity 15176K, committed 15232K, reserved 1062912K
  class space    used 1802K, capacity 1912K, committed 1920K, reserved 1048576K
}
Event: 7,603 GC heap before
{Heap before GC invocations=5 (full 0):
 PSYoungGen      total 99840K, used 99808K [0x00000000e1a00000, 0x00000000e7f00000, 0x0000000100000000)
  eden space 96256K, 100% used [0x00000000e1a00000,0x00000000e7800000,0x00000000e7800000)
  from space 3584K, 99% used [0x00000000e7b80000,0x00000000e7ef8040,0x00000000e7f00000)
  to   space 3584K, 0% used [0x00000000e7800000,0x00000000e7800000,0x00000000e7b80000)
 ParOldGen       total 62976K, used 13798K [0x00000000a4e00000, 0x00000000a8b80000, 0x00000000e1a00000)
  object space 62976K, 21% used [0x00000000a4e00000,0x00000000a5b79ba0,0x00000000a8b80000)
 Metaspace       used 16558K, capacity 17044K, committed 17280K, reserved 1064960K
  class space    used 1941K, capacity 2062K, committed 2176K, reserved 1048576K
Event: 7,659 GC heap after
Heap after GC invocations=5 (full 0):
 PSYoungGen      total 99840K, used 3568K [0x00000000e1a00000, 0x00000000ef000000, 0x0000000100000000)
  eden space 96256K, 0% used [0x00000000e1a00000,0x00000000e1a00000,0x00000000e7800000)
  from space 3584K, 99% used [0x00000000e7800000,0x00000000e7b7c030,0x00000000e7b80000)
  to   space 13312K, 0% used [0x00000000ee300000,0x00000000ee300000,0x00000000ef000000)
 ParOldGen       total 62976K, used 20842K [0x00000000a4e00000, 0x00000000a8b80000, 0x00000000e1a00000)
  object space 62976K, 33% used [0x00000000a4e00000,0x00000000a625ab78,0x00000000a8b80000)
 Metaspace       used 16558K, capacity 17044K, committed 17280K, reserved 1064960K
  class space    used 1941K, capacity 2062K, committed 2176K, reserved 1048576K
}
Event: 8,816 GC heap before
{Heap before GC invocations=6 (full 0):
 PSYoungGen      total 99840K, used 50599K [0x00000000e1a00000, 0x00000000ef000000, 0x0000000100000000)
  eden space 96256K, 48% used [0x00000000e1a00000,0x00000000e47edc00,0x00000000e7800000)
  from space 3584K, 99% used [0x00000000e7800000,0x00000000e7b7c030,0x00000000e7b80000)
  to   space 13312K, 0% used [0x00000000ee300000,0x00000000ee300000,0x00000000ef000000)
 ParOldGen       total 62976K, used 20842K [0x00000000a4e00000, 0x00000000a8b80000, 0x00000000e1a00000)
  object space 62976K, 33% used [0x00000000a4e00000,0x00000000a625ab78,0x00000000a8b80000)
 Metaspace       used 20655K, capacity 21128K, committed 21296K, reserved 1069056K
  class space    used 2476K, capacity 2614K, committed 2688K, reserved 1048576K
Event: 8,867 GC heap after
Heap after GC invocations=6 (full 0):
 PSYoungGen      total 204800K, used 6839K [0x00000000e1a00000, 0x00000000eef00000, 0x0000000100000000)
  eden space 192512K, 0% used [0x00000000e1a00000,0x00000000e1a00000,0x00000000ed600000)
  from space 12288K, 55% used [0x00000000ee300000,0x00000000ee9adc28,0x00000000eef00000)
  to   space 12800K, 0% used [0x00000000ed600000,0x00000000ed600000,0x00000000ee280000)
 ParOldGen       total 62976K, used 20842K [0x00000000a4e00000, 0x00000000a8b80000, 0x00000000e1a00000)
  object space 62976K, 33% used [0x00000000a4e00000,0x00000000a625ab78,0x00000000a8b80000)
 Metaspace       used 20655K, capacity 21128K, committed 21296K, reserved 1069056K
  class space    used 2476K, capacity 2614K, committed 2688K, reserved 1048576K
}
Event: 8,867 GC heap before
{Heap before GC invocations=7 (full 1):
 PSYoungGen      total 204800K, used 6839K [0x00000000e1a00000, 0x00000000eef00000, 0x0000000100000000)
  eden space 192512K, 0% used [0x00000000e1a00000,0x00000000e1a00000,0x00000000ed600000)
  from space 12288K, 55% used [0x00000000ee300000,0x00000000ee9adc28,0x00000000eef00000)
  to   space 12800K, 0% used [0x00000000ed600000,0x00000000ed600000,0x00000000ee280000)
 ParOldGen       total 62976K, used 20842K [0x00000000a4e00000, 0x00000000a8b80000, 0x00000000e1a00000)
  object space 62976K, 33% used [0x00000000a4e00000,0x00000000a625ab78,0x00000000a8b80000)
 Metaspace       used 20655K, capacity 21128K, committed 21296K, reserved 1069056K
  class space    used 2476K, capacity 2614K, committed 2688K, reserved 1048576K
Event: 9,065 GC heap after
Heap after GC invocations=7 (full 1):
 PSYoungGen      total 204800K, used 0K [0x00000000e1a00000, 0x00000000eef00000, 0x0000000100000000)
  eden space 192512K, 0% used [0x00000000e1a00000,0x00000000e1a00000,0x00000000ed600000)
  from space 12288K, 0% used [0x00000000ee300000,0x00000000ee300000,0x00000000eef00000)
  to   space 12800K, 0% used [0x00000000ed600000,0x00000000ed600000,0x00000000ee280000)
 ParOldGen       total 64000K, used 18696K [0x00000000a4e00000, 0x00000000a8c80000, 0x00000000e1a00000)
  object space 64000K, 29% used [0x00000000a4e00000,0x00000000a60420e0,0x00000000a8c80000)
 Metaspace       used 20655K, capacity 21128K, committed 21296K, reserved 1069056K
  class space    used 2476K, capacity 2614K, committed 2688K, reserved 1048576K
}
Event: 17,722 GC heap before
{Heap before GC invocations=8 (full 1):
 PSYoungGen      total 204800K, used 192512K [0x00000000e1a00000, 0x00000000eef00000, 0x0000000100000000)
  eden space 192512K, 100% used [0x00000000e1a00000,0x00000000ed600000,0x00000000ed600000)
  from space 12288K, 0% used [0x00000000ee300000,0x00000000ee300000,0x00000000eef00000)
  to   space 12800K, 0% used [0x00000000ed600000,0x00000000ed600000,0x00000000ee280000)
 ParOldGen       total 64000K, used 18696K [0x00000000a4e00000, 0x00000000a8c80000, 0x00000000e1a00000)
  object space 64000K, 29% used [0x00000000a4e00000,0x00000000a60420e0,0x00000000a8c80000)
 Metaspace       used 27258K, capacity 27928K, committed 28288K, reserved 1075200K
  class space    used 3153K, capacity 3330K, committed 3456K, reserved 1048576K

